The system is: Darwin - 19.0.0 - x86_64
Compiling the C compiler identification source file "CMakeCCompilerId.c" succeeded.
Compiler: /usr/bin/cc 
Build flags: 
Id flags:  

The output was:
0


Compilation of the C compiler identification source "CMakeCCompilerId.c" produced "a.out"

The C compiler identification is AppleClang, found in "/Users/arnauochoa/Documents/Estudis/MSc/Semester 1/C_prog/Image-Segmentation/cmake-build-debug/CMakeFiles/3.13.2/CompilerIdC/a.out"

Determining if the C compiler works passed with the following output:
Change Dir: /Users/arnauochoa/Documents/Estudis/MSc/Semester 1/C_prog/Image-Segmentation/cmake-build-debug/CMakeFiles/CMakeTmp

Run Build Command:"/usr/bin/make" "cmTC_b524e/fast"
/Library/Developer/CommandLineTools/usr/bin/make -f CMakeFiles/cmTC_b524e.dir/build.make CMakeFiles/cmTC_b524e.dir/build
Building C object CMakeFiles/cmTC_b524e.dir/testCCompiler.c.o
/usr/bin/cc    -o CMakeFiles/cmTC_b524e.dir/testCCompiler.c.o   -c "/Users/arnauochoa/Documents/Estudis/MSc/Semester 1/C_prog/Image-Segmentation/cmake-build-debug/CMakeFiles/CMakeTmp/testCCompiler.c"
Linking C executable cmTC_b524e
/Applications/CLion.app/Contents/bin/cmake/mac/bin/cmake -E cmake_link_script CMakeFiles/cmTC_b524e.dir/link.txt --verbose=1
/usr/bin/cc   -Wl,-search_paths_first -Wl,-headerpad_max_install_names   CMakeFiles/cmTC_b524e.dir/testCCompiler.c.o  -o cmTC_b524e 


Detecting C compiler ABI info compiled with the following output:
Change Dir: /Users/arnauochoa/Documents/Estudis/MSc/Semester 1/C_prog/Image-Segmentation/cmake-build-debug/CMakeFiles/CMakeTmp

Run Build Command:"/usr/bin/make" "cmTC_4ccdd/fast"
/Library/Developer/CommandLineTools/usr/bin/make -f CMakeFiles/cmTC_4ccdd.dir/build.make CMakeFiles/cmTC_4ccdd.dir/build
Building C object CMakeFiles/cmTC_4ccdd.dir/CMakeCCompilerABI.c.o
/usr/bin/cc    -o CMakeFiles/cmTC_4ccdd.dir/CMakeCCompilerABI.c.o   -c /Applications/CLion.app/Contents/bin/cmake/mac/share/cmake-3.13/Modules/CMakeCCompilerABI.c
Linking C executable cmTC_4ccdd
/Applications/CLion.app/Contents/bin/cmake/mac/bin/cmake -E cmake_link_script CMakeFiles/cmTC_4ccdd.dir/link.txt --verbose=1
/usr/bin/cc   -Wl,-search_paths_first -Wl,-headerpad_max_install_names  -v -Wl,-v CMakeFiles/cmTC_4ccdd.dir/CMakeCCompilerABI.c.o  -o cmTC_4ccdd 
Apple clang version 11.0.0 (clang-1100.0.33.12)
Target: x86_64-apple-darwin19.0.0
Thread model: posix
InstalledDir: /Library/Developer/CommandLineTools/usr/bin
 "/Library/Developer/CommandLineTools/usr/bin/ld" -demangle -lto_library /Library/Developer/CommandLineTools/usr/lib/libLTO.dylib -dynamic -arch x86_64 -macosx_version_min 10.15.0 -syslibroot /Library/Developer/CommandLineTools/SDKs/MacOSX.sdk -o cmTC_4ccdd -search_paths_first -headerpad_max_install_names -v CMakeFiles/cmTC_4ccdd.dir/CMakeCCompilerABI.c.o -L/usr/local/lib -lSystem /Library/Developer/CommandLineTools/usr/lib/clang/11.0.0/lib/darwin/libclang_rt.osx.a
@(#)PROGRAM:ld  PROJECT:ld64-520
BUILD 18:38:01 Oct 11 2019
configured to support archs: armv6 armv7 armv7s arm64 arm64e arm64_32 i386 x86_64 x86_64h armv6m armv7k armv7m armv7em
Library search paths:
	/usr/local/lib
	/Library/Developer/CommandLineTools/SDKs/MacOSX.sdk/usr/lib
Framework search paths:
	/Library/Developer/CommandLineTools/SDKs/MacOSX.sdk/System/Library/Frameworks/


Parsed C implicit link information from above output:
  link line regex: [^( *|.*[/\])(ld|CMAKE_LINK_STARTFILE-NOTFOUND|([^/\]+-)?ld|collect2)[^/\]*( |$)]
  ignore line: [Change Dir: /Users/arnauochoa/Documents/Estudis/MSc/Semester 1/C_prog/Image-Segmentation/cmake-build-debug/CMakeFiles/CMakeTmp]
  ignore line: []
  ignore line: [Run Build Command:"/usr/bin/make" "cmTC_4ccdd/fast"]
  ignore line: [/Library/Developer/CommandLineTools/usr/bin/make -f CMakeFiles/cmTC_4ccdd.dir/build.make CMakeFiles/cmTC_4ccdd.dir/build]
  ignore line: [Building C object CMakeFiles/cmTC_4ccdd.dir/CMakeCCompilerABI.c.o]
  ignore line: [/usr/bin/cc    -o CMakeFiles/cmTC_4ccdd.dir/CMakeCCompilerABI.c.o   -c /Applications/CLion.app/Contents/bin/cmake/mac/share/cmake-3.13/Modules/CMakeCCompilerABI.c]
  ignore line: [Linking C executable cmTC_4ccdd]
  ignore line: [/Applications/CLion.app/Contents/bin/cmake/mac/bin/cmake -E cmake_link_script CMakeFiles/cmTC_4ccdd.dir/link.txt --verbose=1]
  ignore line: [/usr/bin/cc   -Wl,-search_paths_first -Wl,-headerpad_max_install_names  -v -Wl,-v CMakeFiles/cmTC_4ccdd.dir/CMakeCCompilerABI.c.o  -o cmTC_4ccdd ]
  ignore line: [Apple clang version 11.0.0 (clang-1100.0.33.12)]
  ignore line: [Target: x86_64-apple-darwin19.0.0]
  ignore line: [Thread model: posix]
  ignore line: [InstalledDir: /Library/Developer/CommandLineTools/usr/bin]
  link line: [ "/Library/Developer/CommandLineTools/usr/bin/ld" -demangle -lto_library /Library/Developer/CommandLineTools/usr/lib/libLTO.dylib -dynamic -arch x86_64 -macosx_version_min 10.15.0 -syslibroot /Library/Developer/CommandLineTools/SDKs/MacOSX.sdk -o cmTC_4ccdd -search_paths_first -headerpad_max_install_names -v CMakeFiles/cmTC_4ccdd.dir/CMakeCCompilerABI.c.o -L/usr/local/lib -lSystem /Library/Developer/CommandLineTools/usr/lib/clang/11.0.0/lib/darwin/libclang_rt.osx.a]
    arg [/Library/Developer/CommandLineTools/usr/bin/ld] ==> ignore
    arg [-demangle] ==> ignore
    arg [-lto_library] ==> ignore, skip following value
    arg [/Library/Developer/CommandLineTools/usr/lib/libLTO.dylib] ==> skip value of -lto_library
    arg [-dynamic] ==> ignore
    arg [-arch] ==> ignore
    arg [x86_64] ==> ignore
    arg [-macosx_version_min] ==> ignore
    arg [10.15.0] ==> ignore
    arg [-syslibroot] ==> ignore
    arg [/Library/Developer/CommandLineTools/SDKs/MacOSX.sdk] ==> ignore
    arg [-o] ==> ignore
    arg [cmTC_4ccdd] ==> ignore
    arg [-search_paths_first] ==> ignore
    arg [-headerpad_max_install_names] ==> ignore
    arg [-v] ==> ignore
    arg [CMakeFiles/cmTC_4ccdd.dir/CMakeCCompilerABI.c.o] ==> ignore
    arg [-L/usr/local/lib] ==> dir [/usr/local/lib]
    arg [-lSystem] ==> lib [System]
    arg [/Library/Developer/CommandLineTools/usr/lib/clang/11.0.0/lib/darwin/libclang_rt.osx.a] ==> lib [/Library/Developer/CommandLineTools/usr/lib/clang/11.0.0/lib/darwin/libclang_rt.osx.a]
  Library search paths: [;/usr/local/lib;/Library/Developer/CommandLineTools/SDKs/MacOSX.sdk/usr/lib]
  Framework search paths: [;/Library/Developer/CommandLineTools/SDKs/MacOSX.sdk/System/Library/Frameworks/]
  remove lib [System]
  remove lib [/Library/Developer/CommandLineTools/usr/lib/clang/11.0.0/lib/darwin/libclang_rt.osx.a]
  collapse library dir [/usr/local/lib] ==> [/usr/local/lib]
  collapse library dir [/usr/local/lib] ==> [/usr/local/lib]
  collapse library dir [/Library/Developer/CommandLineTools/SDKs/MacOSX.sdk/usr/lib] ==> [/Library/Developer/CommandLineTools/SDKs/MacOSX.sdk/usr/lib]
  collapse framework dir [/Library/Developer/CommandLineTools/SDKs/MacOSX.sdk/System/Library/Frameworks/] ==> [/Library/Developer/CommandLineTools/SDKs/MacOSX.sdk/System/Library/Frameworks]
  implicit libs: []
  implicit dirs: [/usr/local/lib;/Library/Developer/CommandLineTools/SDKs/MacOSX.sdk/usr/lib]
  implicit fwks: [/Library/Developer/CommandLineTools/SDKs/MacOSX.sdk/System/Library/Frameworks]




Detecting C [-std=c11] compiler features compiled with the following output:
Change Dir: /Users/arnauochoa/Documents/Estudis/MSc/Semester 1/C_prog/Image-Segmentation/cmake-build-debug/CMakeFiles/CMakeTmp

Run Build Command:"/usr/bin/make" "cmTC_ea96d/fast"
/Library/Developer/CommandLineTools/usr/bin/make -f CMakeFiles/cmTC_ea96d.dir/build.make CMakeFiles/cmTC_ea96d.dir/build
Building C object CMakeFiles/cmTC_ea96d.dir/feature_tests.c.o
/usr/bin/cc   -std=c11 -o CMakeFiles/cmTC_ea96d.dir/feature_tests.c.o   -c "/Users/arnauochoa/Documents/Estudis/MSc/Semester 1/C_prog/Image-Segmentation/cmake-build-debug/CMakeFiles/feature_tests.c"
Linking C executable cmTC_ea96d
/Applications/CLion.app/Contents/bin/cmake/mac/bin/cmake -E cmake_link_script CMakeFiles/cmTC_ea96d.dir/link.txt --verbose=1
/usr/bin/cc   -Wl,-search_paths_first -Wl,-headerpad_max_install_names   CMakeFiles/cmTC_ea96d.dir/feature_tests.c.o  -o cmTC_ea96d 


    Feature record: C_FEATURE:1c_function_prototypes
    Feature record: C_FEATURE:1c_restrict
    Feature record: C_FEATURE:1c_static_assert
    Feature record: C_FEATURE:1c_variadic_macros


Detecting C [-std=c99] compiler features compiled with the following output:
Change Dir: /Users/arnauochoa/Documents/Estudis/MSc/Semester 1/C_prog/Image-Segmentation/cmake-build-debug/CMakeFiles/CMakeTmp

Run Build Command:"/usr/bin/make" "cmTC_94da4/fast"
/Library/Developer/CommandLineTools/usr/bin/make -f CMakeFiles/cmTC_94da4.dir/build.make CMakeFiles/cmTC_94da4.dir/build
Building C object CMakeFiles/cmTC_94da4.dir/feature_tests.c.o
/usr/bin/cc   -std=c99 -o CMakeFiles/cmTC_94da4.dir/feature_tests.c.o   -c "/Users/arnauochoa/Documents/Estudis/MSc/Semester 1/C_prog/Image-Segmentation/cmake-build-debug/CMakeFiles/feature_tests.c"
Linking C executable cmTC_94da4
/Applications/CLion.app/Contents/bin/cmake/mac/bin/cmake -E cmake_link_script CMakeFiles/cmTC_94da4.dir/link.txt --verbose=1
/usr/bin/cc   -Wl,-search_paths_first -Wl,-headerpad_max_install_names   CMakeFiles/cmTC_94da4.dir/feature_tests.c.o  -o cmTC_94da4 


    Feature record: C_FEATURE:1c_function_prototypes
    Feature record: C_FEATURE:1c_restrict
    Feature record: C_FEATURE:0c_static_assert
    Feature record: C_FEATURE:1c_variadic_macros


Detecting C [-std=c90] compiler features compiled with the following output:
Change Dir: /Users/arnauochoa/Documents/Estudis/MSc/Semester 1/C_prog/Image-Segmentation/cmake-build-debug/CMakeFiles/CMakeTmp

Run Build Command:"/usr/bin/make" "cmTC_04510/fast"
/Library/Developer/CommandLineTools/usr/bin/make -f CMakeFiles/cmTC_04510.dir/build.make CMakeFiles/cmTC_04510.dir/build
Building C object CMakeFiles/cmTC_04510.dir/feature_tests.c.o
/usr/bin/cc   -std=c90 -o CMakeFiles/cmTC_04510.dir/feature_tests.c.o   -c "/Users/arnauochoa/Documents/Estudis/MSc/Semester 1/C_prog/Image-Segmentation/cmake-build-debug/CMakeFiles/feature_tests.c"
Linking C executable cmTC_04510
/Applications/CLion.app/Contents/bin/cmake/mac/bin/cmake -E cmake_link_script CMakeFiles/cmTC_04510.dir/link.txt --verbose=1
/usr/bin/cc   -Wl,-search_paths_first -Wl,-headerpad_max_install_names   CMakeFiles/cmTC_04510.dir/feature_tests.c.o  -o cmTC_04510 


    Feature record: C_FEATURE:1c_function_prototypes
    Feature record: C_FEATURE:0c_restrict
    Feature record: C_FEATURE:0c_static_assert
    Feature record: C_FEATURE:0c_variadic_macros
